<?xml version="1.0" encoding="UTF-8"?>
<testsuite xmlns:xsi="http://www.w3.org/2001/XMLSchema-instance" xsi:noNamespaceSchemaLocation="https://maven.apache.org/surefire/maven-surefire-plugin/xsd/surefire-test-report.xsd" name="com.robloxtest.RobloxTest" time="119.092" tests="7" errors="0" skipped="0" failures="0">
  <properties>
[...]
</properties>
  <testcase name="testAbrirPerfil" classname="com.robloxtest.RobloxTest" time="17.938"/>
  <testcase name="testLogin" classname="com.robloxtest.RobloxTest" time="6.787"/>
  <testcase name="testLoginFail" classname="com.robloxtest.RobloxTest" time="10.383"/>
  <testcase name="testMarcarJuego" classname="com.robloxtest.RobloxTest" time="28.229"/>
  <testcase name="testBuscarJuego" classname="com.robloxtest.RobloxTest" time="20.853"/>
  <testcase name="testLoginGeneral" classname="com.robloxtest.RobloxTest" time="7.172"/>
  <testcase name="testVolverHomePage" classname="com.robloxtest.RobloxTest" time="26.931"/>
</testsuite>